<?xml version="1.0" encoding="UTF-8"?>
<!-- Generated by org.testng.reporters.JUnitReportReporter -->
<testsuite hostname="BE1WXL-110329" failures="0" tests="1" name="TestCases.ContactsTest" time="1.045" errors="0" timestamp="2020-11-11T17:50:27 CET" skipped="0">
  <testcase classname="TestCases.ContactsTest" name="clickOnAddNewContacts" time="1.045"/>
  <system-out/>
</testsuite> <!-- TestCases.ContactsTest -->
