<?xml version="1.0" encoding="UTF-8"?>
<!-- Generated by org.testng.reporters.JUnitReportReporter -->
<testsuite hostname="BE1WXL-110329" failures="0" tests="3" name="TestCases.LoginPageTest" time="2.821" errors="0" timestamp="2020-11-11T17:50:27 CET" skipped="0">
  <testcase classname="TestCases.LoginPageTest" name="loginPageTitleTest" time="0.014"/>
  <system-out/>
  <testcase classname="TestCases.LoginPageTest" name="clickOnLoginbtn" time="2.624"/>
  <system-out/>
  <testcase classname="TestCases.LoginPageTest" name="loginTest" time="0.183"/>
  <system-out/>
</testsuite> <!-- TestCases.LoginPageTest -->
